\BOOKMARK [0][-]{section*.7}{\376\377\000T\000\363\000m\000\040\000t\003\001\000t\000\040\000n\003\043\000i\000\040\000d\000u\000n\000g}{}% 1
\BOOKMARK [0][-]{chapter.8}{\376\377\000T\036\325\000n\000g\000\040\000q\000u\000a\000n}{}% 2
\BOOKMARK [1][-]{section.9}{\376\377\000G\000i\036\333\000i\000\040\000t\000h\000i\036\307\000u\000\040\001\021\036\301\000\040\000t\000\340\000i}{chapter.8}% 3
\BOOKMARK [2][-]{subsection.10}{\376\377\000T\036\325\000n\000g\000\040\000q\000u\000a\000n}{section.9}% 4
\BOOKMARK [2][-]{subsection.11}{\376\377\000G\000i\036\333\000i\000\040\000t\000h\000i\036\307\000u\000\040\000b\000\340\000i\000\040\000t\000o\000\341\000n}{section.9}% 5
\BOOKMARK [2][-]{subsection.13}{\376\377\001\020\036\321\000i\000\040\000t\001\260\036\343\000n\000g\000\040\000n\000g\000h\000i\000\352\000n\000\040\000c\036\351\000u}{section.9}% 6
\BOOKMARK [1][-]{section.15}{\376\377\000T\000h\000\341\000c\000h\000\040\000t\000h\036\351\000c\000\040\000c\036\347\000a\000\040\000b\000\340\000i\000\040\000t\000o\000\341\000n\000\040\000v\000\340\000\040\000g\000i\036\243\000i\000\040\000p\000h\000\341\000p\000\040\001\021\000\343\000\040\000c\000\364\000n\000g\000\040\000b\036\321}{chapter.8}% 7
\BOOKMARK [2][-]{subsection.16}{\376\377\000T\000h\000\341\000c\000h\000\040\000t\000h\036\351\000c}{section.15}% 8
\BOOKMARK [2][-]{subsection.17}{\376\377\000G\000i\036\243\000i\000\040\000p\000h\000\341\000p\000\040\001\021\000\343\000\040\001\021\001\260\036\343\000c\000\040\000c\000\364\000n\000g\000\040\000b\036\321}{section.15}% 9
\BOOKMARK [1][-]{section.19}{\376\377\000M\036\345\000c\000\040\000t\000i\000\352\000u\000,\000\040\001\021\000\363\000n\000g\000\040\000g\000\363\000p}{chapter.8}% 10
\BOOKMARK [2][-]{subsection.20}{\376\377\000M\036\345\000c\000\040\000t\000i\000\352\000u}{section.19}% 11
\BOOKMARK [2][-]{subsection.21}{\376\377\001\020\000\363\000n\000g\000\040\000g\000\363\000p}{section.19}% 12
\BOOKMARK [1][-]{section.22}{\376\377\000N\036\331\000i\000\040\000d\000u\000n\000g\000\040\001\021\036\323\000\040\000\341\000n\000\040\000c\000h\000u\000y\000\352\000n\000\040\000n\000g\000\340\000n\000h}{chapter.8}% 13
\BOOKMARK [1][-]{section.23}{\376\377\000C\036\245\000u\000\040\000t\000r\000\372\000c\000\040\001\021\036\323\000\040\000\341\000n}{chapter.8}% 14
\BOOKMARK [0][-]{chapter.24}{\376\377\000C\001\241\000\040\000s\036\337\000\040\000l\000\375\000\040\000t\000h\000u\000y\036\277\000t}{}% 15
\BOOKMARK [1][-]{section.25}{\376\377\000M\000a\000c\000h\000i\000n\000e\000\040\000L\000e\000a\000r\000n\000i\000n\000g\000\040\000v\000\340\000\040\000D\000e\000e\000p\000\040\000L\000e\000a\000r\000n\000i\000n\000g}{chapter.24}% 16
\BOOKMARK [1][-]{section.26}{\376\377\000M\036\241\000n\000g\000\040\000N\000e\000u\000r\000a\000l\000\040\000N\000e\000t\000w\000o\000r\000k}{chapter.24}% 17
\BOOKMARK [2][-]{subsection.28}{\376\377\000N\000e\000u\000r\000a\000l\000\040\000n\000h\000\342\000n\000\040\000t\036\241\000o\000\040\000\050\000p\000e\000r\000c\000e\000p\000t\000r\000o\000n\000\051}{section.26}% 18
\BOOKMARK [2][-]{subsection.32}{\376\377\000M\036\241\000n\000g\000\040\000n\000e\000u\000r\000a\000l\000\040\001\021\000a\000\040\000l\036\333\000p}{section.26}% 19
\BOOKMARK [2][-]{subsection.34}{\376\377\000H\000\340\000m\000\040\000k\000\355\000c\000h\000\040\000h\000o\036\241\000t\000\040\000\050\000A\000c\000t\000i\000v\000a\000t\000i\000o\000n\000\040\000f\000u\000n\000c\000t\000i\000o\000n\000\051}{section.26}% 20
\BOOKMARK [1][-]{section.42}{\376\377\000M\036\241\000n\000g\000\040\000t\000\355\000c\000h\000\040\000c\000h\036\255\000p\000\040\000\050\000C\000o\000n\000v\000o\000l\000u\000t\000i\000o\000n\000a\000l\000\040\000N\000e\000u\000r\000a\000l\000\040\000N\000e\000t\000w\000o\000r\000k\000\051}{chapter.24}% 21
\BOOKMARK [2][-]{subsection.44}{\376\377\000F\000u\000l\000l\000y\000\040\000C\000o\000n\000n\000e\000c\000t\000e\000d\000\040\000L\000a\000y\000e\000r}{section.42}% 22
\BOOKMARK [2][-]{subsection.45}{\376\377\000C\000o\000n\000v\000o\000l\000u\000t\000i\000o\000n\000a\000l\000\040\000L\000a\000y\000e\000r}{section.42}% 23
\BOOKMARK [2][-]{subsection.46}{\376\377\000P\000o\000o\000l\000i\000n\000g\000\040\000L\000a\000y\000e\000r}{section.42}% 24
\BOOKMARK [1][-]{section.47}{\376\377\000F\000u\000l\000l\000y\000\040\000C\000o\000n\000v\000o\000l\000u\000t\000i\000o\000n\000a\000l\000\040\000N\000e\000t\000w\000o\000r\000k}{chapter.24}% 25
\BOOKMARK [1][-]{section.49}{\376\377\000S\000p\000a\000t\000i\000a\000l\000\040\000A\000t\000t\000e\000n\000t\000i\000v\000e\000\040\000S\000i\000n\000g\000l\000e\000-\000I\000m\000a\000g\000e\000\040\000D\000e\000r\000a\000i\000n\000i\000n\000g}{chapter.24}% 26
\BOOKMARK [2][-]{subsection.50}{\376\377\000I\000d\000e\000n\000t\000i\000t\000y\000\040\000m\000a\000t\000r\000i\000x\000\040\000i\000n\000i\000t\000i\000a\000l\000i\000z\000a\000t\000i\000o\000n\000\040\000\050\000I\000R\000N\000N\000\051}{section.49}% 27
\BOOKMARK [2][-]{subsection.53}{\376\377\000R\000e\000s\000i\000d\000u\000a\000l\000\040\000b\000l\000o\000c\000k\000s\000\040\000\050\000R\000B\000\051}{section.49}% 28
\BOOKMARK [2][-]{subsection.55}{\376\377\000S\000p\000a\000t\000i\000a\000l\000\040\000A\000t\000t\000e\000n\000t\000i\000v\000e\000\040\000B\000l\000o\000c\000k\000\040\000\050\000S\000A\000B\000\051}{section.49}% 29
\BOOKMARK [3][-]{subsubsection.57}{\376\377\000S\000p\000a\000t\000i\000a\000l\000\040\000A\000t\000t\000e\000n\000t\000i\000v\000e\000\040\000R\000e\000s\000i\000d\000u\000a\000l\000\040\000B\000l\000o\000c\000k\000\040\000\050\000S\000A\000R\000B\000\051}{subsection.55}% 30
\BOOKMARK [3][-]{subsubsection.60}{\376\377\000S\000p\000a\000t\000i\000a\000l\000\040\000A\000t\000t\000e\000n\000t\000i\000v\000e\000\040\000M\000o\000d\000u\000l\000e\000\040\000\050\000S\000A\000M\000\051}{subsection.55}% 31
\BOOKMARK [2][-]{subsection.62}{\376\377\000D\000i\000l\000a\000t\000e\000d\000\040\000c\000o\000n\000v\000o\000l\000u\000t\000i\000o\000n}{section.49}% 32
\BOOKMARK [2][-]{subsection.65}{\376\377\000S\000P\000a\000t\000i\000a\000l\000\040\000A\000t\000t\000e\000n\000t\000i\000v\000e\000\040\000N\000e\000t\000w\000o\000r\000k\000\040\000\050\000S\000P\000A\000N\000e\000t\000\051}{section.49}% 33
\BOOKMARK [1][-]{section.68}{\376\377\001\020\000\341\000n\000h\000\040\000g\000i\000\341\000\040\000h\000i\036\307\000u\000\040\000s\000u\036\245\000t\000\040\000S\000P\000A\000N\000e\000t}{chapter.24}% 34
\BOOKMARK [1][-]{section.71}{\376\377\000C\000\341\000c\000\040\000k\001\051\000\040\000t\000h\000u\036\255\000t\000\040\000l\000i\000\352\000n\000\040\000q\000u\000a\000n}{chapter.24}% 35
\BOOKMARK [2][-]{subsection.72}{\376\377\000P\000h\000\342\000n\000\040\000t\000\355\000c\000h\000\040\000c\001\260\036\335\000n\000g\000\040\001\021\036\331\000\040\000p\000i\000x\000e\000l\000\040\000t\000r\000\352\000n\000\040\000c\000h\000u\036\327\000i\000\040\000h\000\354\000n\000h\000\040\036\243\000n\000h\000\040\000m\001\260\000a}{section.71}% 36
\BOOKMARK [2][-]{subsection.74}{\376\377\000X\000\342\000y\000\040\000d\036\361\000n\000g\000\040\001\021\001\260\036\335\000n\000g\000\040\036\321\000n\000g\000\040\000t\036\241\000o\000\040\036\243\000n\000h\000\040\000k\000h\000\364\000n\000g\000\040\000m\001\260\000a}{section.71}% 37
\BOOKMARK [2][-]{subsection.76}{\376\377\000X\000\342\000y\000\040\000d\036\361\000n\000g\000\040\000b\036\331\000\040\000d\036\357\000\040\000l\000i\036\307\000u\000\040\000m\001\260\000a}{section.71}% 38
\BOOKMARK [2][-]{subsection.77}{\376\377\000L\036\361\000a\000\040\000c\000h\036\315\000n\000\040\000c\000h\036\311\000\040\000s\036\321\000\040\000k\000h\000u\000n\000g\000\040\000h\000\354\000n\000h\000\040\000\050\000N\000\051}{section.71}% 39
\BOOKMARK [0][-]{chapter.78}{\376\377\000T\000h\036\361\000c\000\040\000n\000g\000h\000i\036\307\000m}{}% 40
\BOOKMARK [1][-]{section.79}{\376\377\000C\000\341\000c\000\040\000b\036\331\000\040\000d\036\357\000\040\000l\000i\036\307\000u\000\040\000l\000i\000\352\000n\000\040\000q\000u\000a\000n}{chapter.78}% 41
\BOOKMARK [2][-]{subsection.80}{\376\377\000N\000g\000u\036\323\000n\000\040\000g\036\321\000c\000\040\000b\036\331\000\040\000d\036\357\000\040\000l\000i\036\307\000u}{section.79}% 42
\BOOKMARK [2][-]{subsection.81}{\376\377\000M\000\364\000\040\000t\036\243\000\040\000c\000h\000i\000\040\000t\000i\036\277\000t}{section.79}% 43
\BOOKMARK [3][-]{subsubsection.83}{\376\377\000T\036\255\000p\000\040\000d\036\357\000\040\000l\000i\036\307\000u\000\040\000t\000r\000a\000i\000n}{subsection.81}% 44
\BOOKMARK [3][-]{subsubsection.84}{\376\377\000T\036\255\000p\000\040\000d\036\357\000\040\000l\000i\036\307\000u\000\040\000m\000a\000i\000n\000-\000t\000e\000s\000t}{subsection.81}% 45
\BOOKMARK [3][-]{subsubsection.87}{\376\377\000T\036\255\000p\000\040\000d\036\357\000\040\000l\000i\036\307\000u\000\040\000i\000n\000t\000e\000r\000n\000a\000l\000-\000t\000e\000s\000t}{subsection.81}% 46
\BOOKMARK [1][-]{section.88}{\376\377\000I\000m\000a\000g\000e\000\040\000q\000u\000a\000l\000i\000t\000y\000\040\000m\000e\000t\000r\000i\000c\000s}{chapter.78}% 47
\BOOKMARK [2][-]{subsection.89}{\376\377\000T\000h\000e\000\040\000m\000e\000a\000n\000-\000s\000q\000u\000a\000r\000e\000\040\000e\000r\000r\000o\000r\000\040\000\050\000M\000S\000E\000\051}{section.88}% 48
\BOOKMARK [2][-]{subsection.91}{\376\377\000P\000e\000a\000k\000\040\000s\000i\000g\000n\000a\000l\000-\000t\000o\000-\000n\000o\000i\000s\000e\000\040\000r\000a\000t\000i\000o\000\040\000\050\000P\000S\000N\000R\000\051}{section.88}% 49
\BOOKMARK [2][-]{subsection.93}{\376\377\000S\000t\000r\000u\000c\000t\000u\000r\000a\000l\000\040\000s\000i\000m\000i\000l\000a\000r\000i\000t\000y\000\040\000i\000n\000d\000e\000x\000\040\000m\000e\000a\000s\000u\000r\000e\000\040\000\050\000S\000S\000I\000M\000\051}{section.88}% 50
\BOOKMARK [1][-]{section.95}{\376\377\000M\000\364\000i\000\040\000t\000r\001\260\036\335\000n\000g\000\040\000t\000h\036\355\000\040\000n\000g\000h\000i\036\307\000m}{chapter.78}% 51
\BOOKMARK [2][-]{subsection.96}{\376\377\000Y\000\352\000u\000\040\000c\036\247\000u\000\040\000c\000\341\000c\000\040\000g\000\363\000i\000\040\000c\000\340\000i\000\040\001\021\036\267\000t}{section.95}% 52
\BOOKMARK [2][-]{subsection.97}{\376\377\000C\000\340\000i\000\040\001\021\036\267\000t\000\040\000m\000\364\000i\000\040\000t\000r\001\260\036\335\000n\000g\000\040\000t\000r\000\352\000n\000\040\000U\000b\000u\000n\000t\000u\000\040\0001\0008\000.\0000\0004\000.\0003\000\040\000L\000T\000S}{section.95}% 53
\BOOKMARK [2][-]{subsection.110}{\376\377\000S\036\355\000\040\000d\036\345\000n\000g\000\040\000m\000\343\000\040\000n\000g\000u\036\323\000n}{section.95}% 54
\BOOKMARK [1][-]{section.113}{\376\377\000T\000h\036\361\000c\000\040\000t\000h\000i}{chapter.78}% 55
\BOOKMARK [2][-]{subsection.114}{\376\377\000T\000h\036\361\000c\000\040\000n\000g\000h\000i\036\307\000m\000\040\000t\000r\000\352\000n\000\040\000m\000o\000d\000e\000l\000\040\001\021\000\343\000\040\001\021\001\260\036\343\000c\000\040\000h\000u\036\245\000n\000\040\000l\000u\000y\036\307\000n}{section.113}% 56
\BOOKMARK [2][-]{subsection.120}{\376\377\000K\036\277\000t\000\040\000q\000u\036\243\000\040\000t\000h\036\361\000c\000\040\000n\000g\000h\000i\036\307\000m}{section.113}% 57
\BOOKMARK [2][-]{subsection.121}{\376\377\000S\000o\000\040\000s\000\341\000n\000h\000\040\000k\036\277\000t\000\040\000q\000u\036\243\000\040\000t\000h\036\361\000c\000\040\000n\000g\000h\000i\036\307\000m\000\040\000v\036\333\000i\000\040\000k\036\277\000t\000\040\000q\000u\036\243\000\040\000c\036\347\000a\000\040\000b\000\340\000i\000\040\000b\000\341\000o}{section.113}% 58
\BOOKMARK [0][-]{chapter.123}{\376\377\000K\036\277\000t\000\040\000l\000u\036\255\000n}{}% 59
\BOOKMARK [1][-]{section.124}{\376\377\000N\000h\036\357\000n\000g\000\040\000k\036\277\000t\000\040\000q\000u\036\243\000\040\001\021\036\241\000t\000\040\001\021\001\260\036\343\000c}{chapter.123}% 60
\BOOKMARK [1][-]{section.125}{\376\377\000K\000h\000\363\000\040\000k\000h\001\003\000n}{chapter.123}% 61
\BOOKMARK [1][-]{section.126}{\376\377\000H\001\260\036\333\000n\000g\000\040\000p\000h\000\341\000t\000\040\000t\000r\000i\036\303\000n}{chapter.123}% 62
